<?xml version="1.0" encoding="UTF-8"?>
<!-- Generated by org.testng.reporters.JUnitReportReporter -->
<testsuite hostname="NavinKiran" failures="0" tests="2" name="test.LoginTest" time="0.922" errors="0" timestamp="2024-02-11T17:57:04 IST" skipped="0">
  <testcase classname="test.LoginTest" name="navigate_to_loginPage" time="0.676"/>
  <system-out/>
  <testcase classname="test.LoginTest" name="enterCredentials" time="0.246"/>
  <system-out/>
</testsuite> <!-- test.LoginTest -->
