<?xml version="1.0" encoding="UTF-8"?>
<!-- Generated by org.testng.reporters.JUnitReportReporter -->
<testsuite hostname="NavinKiran" failures="0" tests="2" name="utilities.Extend" time="7.957" errors="0" timestamp="2024-02-12T08:42:22 IST" skipped="0">
  <testcase classname="utilities.Extend" name="testSearch1" time="3.748"/>
  <system-out/>
  <testcase classname="utilities.Extend" name="testSearch2" time="4.209"/>
  <system-out/>
</testsuite> <!-- utilities.Extend -->
